2025-02-14 22:56:00,654 - INFO - METHOD: GET | PATH: /docs | STATUS: 200 | TIME: 0.0000s
2025-02-14 22:56:00,654 - INFO - METHOD: GET | PATH: /docs | STATUS: 200 | LATENCY: 0.0000s
2025-02-14 22:56:00,861 - INFO - METHOD: GET | PATH: /openapi.json | STATUS: 200 | TIME: 0.0207s
2025-02-14 22:56:00,862 - INFO - METHOD: GET | PATH: /openapi.json | STATUS: 200 | LATENCY: 0.0227s
2025-02-14 22:56:11,740 - INFO - METHOD: GET | PATH: /docs | STATUS: 200 | TIME: 0.0000s
2025-02-14 22:56:11,741 - INFO - METHOD: GET | PATH: /docs | STATUS: 200 | LATENCY: 0.0030s
2025-02-14 22:56:11,833 - INFO - METHOD: GET | PATH: /openapi.json | STATUS: 200 | TIME: 0.0010s
2025-02-14 22:56:11,834 - INFO - METHOD: GET | PATH: /openapi.json | STATUS: 200 | LATENCY: 0.0020s
2025-02-14 22:56:28,173 - INFO - METHOD: GET | PATH: /api/v1/start | STATUS: 200 | TIME: 2.1913s
2025-02-14 22:56:28,174 - INFO - METHOD: GET | PATH: /api/v1/start | STATUS: 200 | LATENCY: 2.1937s
2025-02-14 22:56:41,133 - INFO - METHOD: POST | PATH: /api/v1/moderate/text | STATUS: 200 | TIME: 0.7376s
2025-02-14 22:56:41,135 - INFO - METHOD: POST | PATH: /api/v1/moderate/text | STATUS: 200 | LATENCY: 0.7391s
2025-02-14 22:57:04,031 - INFO - METHOD: GET | PATH: /api/v1/stats | STATUS: 200 | TIME: 0.0191s
2025-02-14 22:57:04,031 - INFO - METHOD: GET | PATH: /api/v1/stats | STATUS: 200 | LATENCY: 0.0201s
2025-02-14 22:57:12,146 - INFO - METHOD: GET | PATH: /api/v1/moderation/9 | STATUS: 500 | TIME: 0.0079s
2025-02-14 22:57:12,147 - INFO - METHOD: GET | PATH: /api/v1/moderation/9 | STATUS: 500 | LATENCY: 0.0092s
2025-02-14 22:57:21,253 - INFO - METHOD: GET | PATH: /api/v1/moderation/8 | STATUS: 500 | TIME: 0.0044s
2025-02-14 22:57:21,254 - INFO - METHOD: GET | PATH: /api/v1/moderation/8 | STATUS: 500 | LATENCY: 0.0049s
2025-02-14 22:57:25,665 - INFO - METHOD: GET | PATH: /api/v1/moderation/7 | STATUS: 200 | TIME: 0.0059s
2025-02-14 22:57:25,665 - INFO - METHOD: GET | PATH: /api/v1/moderation/7 | STATUS: 200 | LATENCY: 0.0059s
2025-02-14 23:03:13,912 - INFO - Metrics endpoint accessed.
2025-02-14 23:03:13,913 - INFO - METHOD: GET | PATH: /metrics | STATUS: 200 | TIME: 0.0025s
2025-02-14 23:03:13,913 - INFO - METHOD: GET | PATH: /metrics | STATUS: 200 | LATENCY: 0.0025s
